<?xml version="1.0" encoding="UTF-8"?>
<testsuite name="me.sungbin.objectmapper.ObjectMapperApplicationTests" tests="1" skipped="0" failures="0" errors="0" timestamp="2021-08-08T04:04:35" hostname="yangsungbinui-MacBookPro.local" time="0.306">
  <properties/>
  <testcase name="contextLoads()" classname="me.sungbin.objectmapper.ObjectMapperApplicationTests" time="0.306"/>
  <system-out><![CDATA[13:04:33.999 [Test worker] DEBUG org.springframework.test.context.BootstrapUtils - Instantiating CacheAwareContextLoaderDelegate from class [org.springframework.test.context.cache.DefaultCacheAwareContextLoaderDelegate]
13:04:34.009 [Test worker] DEBUG org.springframework.test.context.BootstrapUtils - Instantiating BootstrapContext using constructor [public org.springframework.test.context.support.DefaultBootstrapContext(java.lang.Class,org.springframework.test.context.CacheAwareContextLoaderDelegate)]
13:04:34.037 [Test worker] DEBUG org.springframework.test.context.BootstrapUtils - Instantiating TestContextBootstrapper for test class [me.sungbin.objectmapper.ObjectMapperApplicationTests] from class [org.springframework.boot.test.context.SpringBootTestContextBootstrapper]
13:04:34.045 [Test worker] INFO org.springframework.boot.test.context.SpringBootTestContextBootstrapper - Neither @ContextConfiguration nor @ContextHierarchy found for test class [me.sungbin.objectmapper.ObjectMapperApplicationTests], using SpringBootContextLoader
13:04:34.049 [Test worker] DEBUG org.springframework.test.context.support.AbstractContextLoader - Did not detect default resource location for test class [me.sungbin.objectmapper.ObjectMapperApplicationTests]: class path resource [me/sungbin/objectmapper/ObjectMapperApplicationTests-context.xml] does not exist
13:04:34.050 [Test worker] DEBUG org.springframework.test.context.support.AbstractContextLoader - Did not detect default resource location for test class [me.sungbin.objectmapper.ObjectMapperApplicationTests]: class path resource [me/sungbin/objectmapper/ObjectMapperApplicationTestsContext.groovy] does not exist
13:04:34.050 [Test worker] INFO org.springframework.test.context.support.AbstractContextLoader - Could not detect default resource locations for test class [me.sungbin.objectmapper.ObjectMapperApplicationTests]: no resource found for suffixes {-context.xml, Context.groovy}.
13:04:34.051 [Test worker] INFO org.springframework.test.context.support.AnnotationConfigContextLoaderUtils - Could not detect default configuration classes for test class [me.sungbin.objectmapper.ObjectMapperApplicationTests]: ObjectMapperApplicationTests does not declare any static, non-private, non-final, nested classes annotated with @Configuration.
13:04:34.081 [Test worker] DEBUG org.springframework.test.context.support.ActiveProfilesUtils - Could not find an 'annotation declaring class' for annotation type [org.springframework.test.context.ActiveProfiles] and class [me.sungbin.objectmapper.ObjectMapperApplicationTests]
13:04:34.123 [Test worker] DEBUG org.springframework.context.annotation.ClassPathScanningCandidateComponentProvider - Identified candidate component class: file [/Users/rovert/Desktop/study/object-mapper/build/classes/java/main/me/sungbin/objectmapper/ObjectMapperApplication.class]
13:04:34.125 [Test worker] INFO org.springframework.boot.test.context.SpringBootTestContextBootstrapper - Found @SpringBootConfiguration me.sungbin.objectmapper.ObjectMapperApplication for test class me.sungbin.objectmapper.ObjectMapperApplicationTests
13:04:34.214 [Test worker] DEBUG org.springframework.boot.test.context.SpringBootTestContextBootstrapper - @TestExecutionListeners is not present for class [me.sungbin.objectmapper.ObjectMapperApplicationTests]: using defaults.
13:04:34.215 [Test worker] INFO org.springframework.boot.test.context.SpringBootTestContextBootstrapper - Loaded default TestExecutionListener class names from location [META-INF/spring.factories]: [org.springframework.boot.test.autoconfigure.restdocs.RestDocsTestExecutionListener, org.springframework.boot.test.autoconfigure.web.client.MockRestServiceServerResetTestExecutionListener, org.springframework.boot.test.autoconfigure.web.servlet.MockMvcPrintOnlyOnFailureTestExecutionListener, org.springframework.boot.test.autoconfigure.web.servlet.WebDriverTestExecutionListener, org.springframework.boot.test.autoconfigure.webservices.client.MockWebServiceServerTestExecutionListener, org.springframework.boot.test.mock.mockito.MockitoTestExecutionListener, org.springframework.boot.test.mock.mockito.ResetMocksTestExecutionListener, org.springframework.test.context.web.ServletTestExecutionListener, org.springframework.test.context.support.DirtiesContextBeforeModesTestExecutionListener, org.springframework.test.context.event.ApplicationEventsTestExecutionListener, org.springframework.test.context.support.DependencyInjectionTestExecutionListener, org.springframework.test.context.support.DirtiesContextTestExecutionListener, org.springframework.test.context.transaction.TransactionalTestExecutionListener, org.springframework.test.context.jdbc.SqlScriptsTestExecutionListener, org.springframework.test.context.event.EventPublishingTestExecutionListener]
13:04:34.225 [Test worker] DEBUG org.springframework.boot.test.context.SpringBootTestContextBootstrapper - Skipping candidate TestExecutionListener [org.springframework.test.context.transaction.TransactionalTestExecutionListener] due to a missing dependency. Specify custom listener classes or make the default listener classes and their required dependencies available. Offending class: [org/springframework/transaction/interceptor/TransactionAttributeSource]
13:04:34.226 [Test worker] DEBUG org.springframework.boot.test.context.SpringBootTestContextBootstrapper - Skipping candidate TestExecutionListener [org.springframework.test.context.jdbc.SqlScriptsTestExecutionListener] due to a missing dependency. Specify custom listener classes or make the default listener classes and their required dependencies available. Offending class: [org/springframework/transaction/interceptor/TransactionAttribute]
13:04:34.226 [Test worker] INFO org.springframework.boot.test.context.SpringBootTestContextBootstrapper - Using TestExecutionListeners: [org.springframework.test.context.web.ServletTestExecutionListener@13db6d42, org.springframework.test.context.support.DirtiesContextBeforeModesTestExecutionListener@c9ae7c9, org.springframework.test.context.event.ApplicationEventsTestExecutionListener@3ef7378a, org.springframework.boot.test.mock.mockito.MockitoTestExecutionListener@3900dee, org.springframework.boot.test.autoconfigure.SpringBootDependencyInjectionTestExecutionListener@4b69c1a3, org.springframework.test.context.support.DirtiesContextTestExecutionListener@1016c3a8, org.springframework.test.context.event.EventPublishingTestExecutionListener@175afd47, org.springframework.boot.test.autoconfigure.restdocs.RestDocsTestExecutionListener@14266d3f, org.springframework.boot.test.autoconfigure.web.client.MockRestServiceServerResetTestExecutionListener@1147d2c1, org.springframework.boot.test.autoconfigure.web.servlet.MockMvcPrintOnlyOnFailureTestExecutionListener@376a58c2, org.springframework.boot.test.autoconfigure.web.servlet.WebDriverTestExecutionListener@779a2bad, org.springframework.boot.test.autoconfigure.webservices.client.MockWebServiceServerTestExecutionListener@50f2fff4, org.springframework.boot.test.mock.mockito.ResetMocksTestExecutionListener@7f0cfef1]
13:04:34.230 [Test worker] DEBUG org.springframework.test.context.support.AbstractDirtiesContextTestExecutionListener - Before test class: context [DefaultTestContext@45ee994f testClass = ObjectMapperApplicationTests, testInstance = [null], testMethod = [null], testException = [null], mergedContextConfiguration = [WebMergedContextConfiguration@54b12000 testClass = ObjectMapperApplicationTests, locations = '{}', classes = '{class me.sungbin.objectmapper.ObjectMapperApplication}', contextInitializerClasses = '[]', activeProfiles = '{}', propertySourceLocations = '{}', propertySourceProperties = '{org.springframework.boot.test.context.SpringBootTestContextBootstrapper=true}', contextCustomizers = set[org.springframework.boot.test.autoconfigure.actuate.metrics.MetricsExportContextCustomizerFactory$DisableMetricExportContextCustomizer@3cd4d3c5, org.springframework.boot.test.autoconfigure.properties.PropertyMappingContextCustomizer@0, org.springframework.boot.test.autoconfigure.web.servlet.WebDriverContextCustomizerFactory$Customizer@c8d717a, org.springframework.boot.test.context.filter.ExcludeFilterContextCustomizer@2dbdbf8f, org.springframework.boot.test.json.DuplicateJsonObjectContextCustomizerFactory$DuplicateJsonObjectContextCustomizer@22dd4a79, org.springframework.boot.test.mock.mockito.MockitoContextCustomizer@0, org.springframework.boot.test.web.client.TestRestTemplateContextCustomizer@374ecc3a, org.springframework.boot.test.context.SpringBootTestArgs@1, org.springframework.boot.test.context.SpringBootTestWebEnvironment@2fa60ca9], resourceBasePath = 'src/main/webapp', contextLoader = 'org.springframework.boot.test.context.SpringBootContextLoader', parent = [null]], attributes = map['org.springframework.test.context.web.ServletTestExecutionListener.activateListener' -> true]], class annotated with @DirtiesContext [false] with mode [null].
13:04:34.255 [Test worker] DEBUG org.springframework.test.context.support.TestPropertySourceUtils - Adding inlined properties to environment: {spring.jmx.enabled=false, org.springframework.boot.test.context.SpringBootTestContextBootstrapper=true}

  .   ____          _            __ _ _
 /\\ / ___'_ __ _ _(_)_ __  __ _ \ \ \ \
( ( )\___ | '_ | '_| | '_ \/ _` | \ \ \ \
 \\/  ___)| |_)| | | | | || (_| |  ) ) ) )
  '  |____| .__|_| |_|_| |_\__, | / / / /
 =========|_|==============|___/=/_/_/_/
 :: Spring Boot ::                (v2.5.3)

2021-08-08 13:04:34.448  INFO 63695 --- [    Test worker] m.s.o.ObjectMapperApplicationTests       : Starting ObjectMapperApplicationTests using Java 15.0.2 on yangsungbinui-MacBookPro.local with PID 63695 (started by rovert in /Users/rovert/Desktop/study/object-mapper)
2021-08-08 13:04:34.450  INFO 63695 --- [    Test worker] m.s.o.ObjectMapperApplicationTests       : No active profile set, falling back to default profiles: default
2021-08-08 13:04:35.454  INFO 63695 --- [    Test worker] m.s.o.ObjectMapperApplicationTests       : Started ObjectMapperApplicationTests in 1.193 seconds (JVM running for 2.095)
-------------------
{"name":"rovbert","age":26,"phone_number":"010-1111-2222"}
User{name='rovbert', age=26, phoneNumber='010-1111-2222'}
]]></system-out>
  <system-err><![CDATA[]]></system-err>
</testsuite>
